<?xml version="1.0" encoding="UTF-8"?>
<!-- Generated by org.testng.reporters.JUnitXMLReporter -->
<testsuite hostname="BRBGouda6905" ignored="0" name="Default test" tests="3" failures="0" timestamp="25 Jul 2018 17:24:20 GMT" time="109.929" errors="0">
  <testcase name="loginPageTitleTest" time="0.08" classname="com.freeCRM.qa.TestCases.LoginPageTest"/>
  <testcase name="loginPageImageTest" time="0.413" classname="com.freeCRM.qa.TestCases.LoginPageTest"/>
  <testcase name="loginTest" time="14.476" classname="com.freeCRM.qa.TestCases.LoginPageTest"/>
</testsuite> <!-- Default test -->
