<?xml version="1.0" encoding="UTF-8"?>
<!-- Generated by org.testng.reporters.JUnitXMLReporter -->
<testsuite hostname="BRBGouda6905" ignored="0" name="Free CRM Regression Test" tests="9" failures="0" timestamp="20 Jul 2018 11:05:44 GMT" time="297.683" errors="0">
  <testcase name="loginPageTitleTest" time="0.196" classname="com.freeCRM.qa.TestCases.LoginPageTest"/>
  <testcase name="homePageTitleTest" time="0.04" classname="com.freeCRM.qa.TestCases.HomePageTest"/>
  <testcase name="contactsLabelTest" time="0.092" classname="com.freeCRM.qa.TestCases.ContactsPageTest"/>
  <testcase name="loginPageImageTest" time="0.185" classname="com.freeCRM.qa.TestCases.LoginPageTest"/>
  <testcase name="homePageUserLabelTest" time="0.124" classname="com.freeCRM.qa.TestCases.HomePageTest"/>
  <testcase name="createNewContactTest" time="7.999" classname="com.freeCRM.qa.TestCases.ContactsPageTest"/>
  <testcase name="createNewContactTest" time="7.405" classname="com.freeCRM.qa.TestCases.ContactsPageTest"/>
  <testcase name="createNewContactTest" time="4.834" classname="com.freeCRM.qa.TestCases.ContactsPageTest"/>
  <testcase name="loginTest" time="11.092" classname="com.freeCRM.qa.TestCases.LoginPageTest"/>
</testsuite> <!-- Free CRM Regression Test -->
