<?xml version="1.0" encoding="UTF-8"?>
<testng-results skipped="0" failed="0" ignored="0" total="9" passed="9">
  <reporter-output>
  </reporter-output>
  <suite name="Free CRM Automation Test Suite" duration-ms="297683" started-at="2018-07-20T11:00:47Z" finished-at="2018-07-20T11:05:44Z">
    <groups>
    </groups>
    <test name="Free CRM Regression Test" duration-ms="297683" started-at="2018-07-20T11:00:47Z" finished-at="2018-07-20T11:05:44Z">
      <class name="com.freeCRM.qa.TestCases.HomePageTest">
        <test-method status="PASS" signature="setUp()[pri:0, instance:com.freeCRM.qa.TestCases.HomePageTest@42dafa95]" name="setUp" is-config="true" duration-ms="40810" started-at="2018-07-20T11:01:40Z" finished-at="2018-07-20T11:02:21Z">
          <reporter-output>
          </reporter-output>
        </test-method> <!-- setUp -->
        <test-method status="PASS" signature="homePageTitleTest()[pri:1, instance:com.freeCRM.qa.TestCases.HomePageTest@42dafa95]" name="homePageTitleTest" duration-ms="40" started-at="2018-07-20T11:02:21Z" finished-at="2018-07-20T11:02:21Z">
          <reporter-output>
          </reporter-output>
        </test-method> <!-- homePageTitleTest -->
        <test-method status="PASS" signature="tearDown()[pri:0, instance:com.freeCRM.qa.TestCases.HomePageTest@42dafa95]" name="tearDown" is-config="true" duration-ms="744" started-at="2018-07-20T11:02:21Z" finished-at="2018-07-20T11:02:22Z">
          <reporter-output>
          </reporter-output>
        </test-method> <!-- tearDown -->
        <test-method status="PASS" signature="setUp()[pri:0, instance:com.freeCRM.qa.TestCases.HomePageTest@42dafa95]" name="setUp" is-config="true" duration-ms="22104" started-at="2018-07-20T11:03:10Z" finished-at="2018-07-20T11:03:32Z">
          <reporter-output>
          </reporter-output>
        </test-method> <!-- setUp -->
        <test-method status="PASS" signature="homePageUserLabelTest()[pri:2, instance:com.freeCRM.qa.TestCases.HomePageTest@42dafa95]" name="homePageUserLabelTest" duration-ms="124" started-at="2018-07-20T11:03:32Z" finished-at="2018-07-20T11:03:32Z">
          <reporter-output>
          </reporter-output>
        </test-method> <!-- homePageUserLabelTest -->
        <test-method status="PASS" signature="tearDown()[pri:0, instance:com.freeCRM.qa.TestCases.HomePageTest@42dafa95]" name="tearDown" is-config="true" duration-ms="678" started-at="2018-07-20T11:03:32Z" finished-at="2018-07-20T11:03:33Z">
          <reporter-output>
          </reporter-output>
        </test-method> <!-- tearDown -->
      </class> <!-- com.freeCRM.qa.TestCases.HomePageTest -->
      <class name="com.freeCRM.qa.TestCases.LoginPageTest">
        <test-method status="PASS" signature="setUp()[pri:0, instance:com.freeCRM.qa.TestCases.LoginPageTest@589838eb]" name="setUp" is-config="true" duration-ms="53003" started-at="2018-07-20T11:00:47Z" finished-at="2018-07-20T11:01:40Z">
          <reporter-output>
          </reporter-output>
        </test-method> <!-- setUp -->
        <test-method status="PASS" signature="loginPageTitleTest()[pri:1, instance:com.freeCRM.qa.TestCases.LoginPageTest@589838eb]" name="loginPageTitleTest" duration-ms="196" started-at="2018-07-20T11:01:40Z" finished-at="2018-07-20T11:01:40Z">
          <reporter-output>
          </reporter-output>
        </test-method> <!-- loginPageTitleTest -->
        <test-method status="PASS" signature="tearDown()[pri:0, instance:com.freeCRM.qa.TestCases.LoginPageTest@589838eb]" name="tearDown" is-config="true" duration-ms="628" started-at="2018-07-20T11:01:40Z" finished-at="2018-07-20T11:01:40Z">
          <reporter-output>
          </reporter-output>
        </test-method> <!-- tearDown -->
        <test-method status="PASS" signature="setUp()[pri:0, instance:com.freeCRM.qa.TestCases.LoginPageTest@589838eb]" name="setUp" is-config="true" duration-ms="15526" started-at="2018-07-20T11:02:54Z" finished-at="2018-07-20T11:03:09Z">
          <reporter-output>
          </reporter-output>
        </test-method> <!-- setUp -->
        <test-method status="PASS" signature="loginPageImageTest()[pri:2, instance:com.freeCRM.qa.TestCases.LoginPageTest@589838eb]" name="loginPageImageTest" duration-ms="185" started-at="2018-07-20T11:03:09Z" finished-at="2018-07-20T11:03:09Z">
          <reporter-output>
          </reporter-output>
        </test-method> <!-- loginPageImageTest -->
        <test-method status="PASS" signature="tearDown()[pri:0, instance:com.freeCRM.qa.TestCases.LoginPageTest@589838eb]" name="tearDown" is-config="true" duration-ms="581" started-at="2018-07-20T11:03:09Z" finished-at="2018-07-20T11:03:10Z">
          <reporter-output>
          </reporter-output>
        </test-method> <!-- tearDown -->
        <test-method status="PASS" signature="setUp()[pri:0, instance:com.freeCRM.qa.TestCases.LoginPageTest@589838eb]" name="setUp" is-config="true" duration-ms="14549" started-at="2018-07-20T11:05:18Z" finished-at="2018-07-20T11:05:33Z">
          <reporter-output>
          </reporter-output>
        </test-method> <!-- setUp -->
        <test-method status="PASS" signature="loginTest()[pri:3, instance:com.freeCRM.qa.TestCases.LoginPageTest@589838eb]" name="loginTest" duration-ms="11092" started-at="2018-07-20T11:05:33Z" finished-at="2018-07-20T11:05:44Z">
          <reporter-output>
          </reporter-output>
        </test-method> <!-- loginTest -->
        <test-method status="PASS" signature="tearDown()[pri:0, instance:com.freeCRM.qa.TestCases.LoginPageTest@589838eb]" name="tearDown" is-config="true" duration-ms="259" started-at="2018-07-20T11:05:44Z" finished-at="2018-07-20T11:05:44Z">
          <reporter-output>
          </reporter-output>
        </test-method> <!-- tearDown -->
      </class> <!-- com.freeCRM.qa.TestCases.LoginPageTest -->
      <class name="com.freeCRM.qa.TestCases.ContactsPageTest">
        <test-method status="PASS" signature="setUp()[pri:0, instance:com.freeCRM.qa.TestCases.ContactsPageTest@6500df86]" name="setUp" is-config="true" duration-ms="30412" started-at="2018-07-20T11:02:22Z" finished-at="2018-07-20T11:02:52Z">
          <reporter-output>
          </reporter-output>
        </test-method> <!-- setUp -->
        <test-method status="PASS" signature="contactsLabelTest()[pri:1, instance:com.freeCRM.qa.TestCases.ContactsPageTest@6500df86]" name="contactsLabelTest" duration-ms="92" started-at="2018-07-20T11:02:52Z" finished-at="2018-07-20T11:02:53Z">
          <reporter-output>
          </reporter-output>
        </test-method> <!-- contactsLabelTest -->
        <test-method status="PASS" signature="tearDown()[pri:0, instance:com.freeCRM.qa.TestCases.ContactsPageTest@6500df86]" name="tearDown" is-config="true" duration-ms="953" started-at="2018-07-20T11:02:53Z" finished-at="2018-07-20T11:02:54Z">
          <reporter-output>
          </reporter-output>
        </test-method> <!-- tearDown -->
        <test-method status="PASS" signature="setUp()[pri:0, instance:com.freeCRM.qa.TestCases.ContactsPageTest@6500df86]" name="setUp" is-config="true" duration-ms="27308" started-at="2018-07-20T11:03:35Z" finished-at="2018-07-20T11:04:03Z">
          <reporter-output>
          </reporter-output>
        </test-method> <!-- setUp -->
        <test-method status="PASS" signature="createNewContactTest(java.lang.String, java.lang.String, java.lang.String, java.lang.String, java.lang.String)[pri:2, instance:com.freeCRM.qa.TestCases.ContactsPageTest@6500df86]" name="createNewContactTest" duration-ms="7999" started-at="2018-07-20T11:04:03Z" data-provider="getCRMTestData" finished-at="2018-07-20T11:04:11Z">
          <params>
            <param index="0">
              <value>
                <![CDATA[Mr.]]>
              </value>
            </param>
            <param index="1">
              <value>
                <![CDATA[malli]]>
              </value>
            </param>
            <param index="2">
              <value>
                <![CDATA[karjuna]]>
              </value>
            </param>
            <param index="3">
              <value>
                <![CDATA[teacher]]>
              </value>
            </param>
            <param index="4">
              <value>
                <![CDATA[physics]]>
              </value>
            </param>
          </params>
          <reporter-output>
          </reporter-output>
        </test-method> <!-- createNewContactTest -->
        <test-method status="PASS" signature="tearDown()[pri:0, instance:com.freeCRM.qa.TestCases.ContactsPageTest@6500df86]" name="tearDown" is-config="true" duration-ms="685" started-at="2018-07-20T11:04:11Z" finished-at="2018-07-20T11:04:11Z">
          <reporter-output>
          </reporter-output>
        </test-method> <!-- tearDown -->
        <test-method status="PASS" signature="setUp()[pri:0, instance:com.freeCRM.qa.TestCases.ContactsPageTest@6500df86]" name="setUp" is-config="true" duration-ms="23159" started-at="2018-07-20T11:04:11Z" finished-at="2018-07-20T11:04:35Z">
          <reporter-output>
          </reporter-output>
        </test-method> <!-- setUp -->
        <test-method status="PASS" signature="createNewContactTest(java.lang.String, java.lang.String, java.lang.String, java.lang.String, java.lang.String)[pri:2, instance:com.freeCRM.qa.TestCases.ContactsPageTest@6500df86]" name="createNewContactTest" duration-ms="7405" started-at="2018-07-20T11:04:35Z" data-provider="getCRMTestData" finished-at="2018-07-20T11:04:42Z">
          <params>
            <param index="0">
              <value>
                <![CDATA[Dr.]]>
              </value>
            </param>
            <param index="1">
              <value>
                <![CDATA[manju]]>
              </value>
            </param>
            <param index="2">
              <value>
                <![CDATA[kulkarni]]>
              </value>
            </param>
            <param index="3">
              <value>
                <![CDATA[obg]]>
              </value>
            </param>
            <param index="4">
              <value>
                <![CDATA[healthcare]]>
              </value>
            </param>
          </params>
          <reporter-output>
          </reporter-output>
        </test-method> <!-- createNewContactTest -->
        <test-method status="PASS" signature="tearDown()[pri:0, instance:com.freeCRM.qa.TestCases.ContactsPageTest@6500df86]" name="tearDown" is-config="true" duration-ms="714" started-at="2018-07-20T11:04:42Z" finished-at="2018-07-20T11:04:43Z">
          <reporter-output>
          </reporter-output>
        </test-method> <!-- tearDown -->
        <test-method status="PASS" signature="setUp()[pri:0, instance:com.freeCRM.qa.TestCases.ContactsPageTest@6500df86]" name="setUp" is-config="true" duration-ms="30033" started-at="2018-07-20T11:04:43Z" finished-at="2018-07-20T11:05:13Z">
          <reporter-output>
          </reporter-output>
        </test-method> <!-- setUp -->
        <test-method status="PASS" signature="createNewContactTest(java.lang.String, java.lang.String, java.lang.String, java.lang.String, java.lang.String)[pri:2, instance:com.freeCRM.qa.TestCases.ContactsPageTest@6500df86]" name="createNewContactTest" duration-ms="4834" started-at="2018-07-20T11:05:13Z" data-provider="getCRMTestData" finished-at="2018-07-20T11:05:18Z">
          <params>
            <param index="0">
              <value>
                <![CDATA[Prof.]]>
              </value>
            </param>
            <param index="1">
              <value>
                <![CDATA[pv]]>
              </value>
            </param>
            <param index="2">
              <value>
                <![CDATA[hungund]]>
              </value>
            </param>
            <param index="3">
              <value>
                <![CDATA[professor]]>
              </value>
            </param>
            <param index="4">
              <value>
                <![CDATA[electronics]]>
              </value>
            </param>
          </params>
          <reporter-output>
          </reporter-output>
        </test-method> <!-- createNewContactTest -->
        <test-method status="PASS" signature="tearDown()[pri:0, instance:com.freeCRM.qa.TestCases.ContactsPageTest@6500df86]" name="tearDown" is-config="true" duration-ms="726" started-at="2018-07-20T11:05:18Z" finished-at="2018-07-20T11:05:18Z">
          <reporter-output>
          </reporter-output>
        </test-method> <!-- tearDown -->
      </class> <!-- com.freeCRM.qa.TestCases.ContactsPageTest -->
    </test> <!-- Free CRM Regression Test -->
  </suite> <!-- Free CRM Automation Test Suite -->
</testng-results>
